<testsuite tests='3' results='0' failures='0' disabled='3' errors='0' time='6.146' name='behavior.adding_a_reference'>
  <testcase classname='behavior.adding_a_reference' name='user can add a reference when content is appropriate' time='0.268'>
    <skipped />
  </testcase>
  <testcase classname='behavior.adding_a_reference' name='user can not add a reference with inadequate information' time='0.015'>
    <skipped />
  </testcase>
  <testcase classname='behavior.adding_a_reference' name='user can not add a reference with invalid information' time='0.01'>
    <skipped />
  </testcase>
</testsuite>