<testsuite tests='3' results='0' failures='0' disabled='3' errors='0' time='3.001' name='behavior.adding_a_reference'>
  <testcase classname='behavior.adding_a_reference' name='user can add a reference when content is appropriate' time='0.12'>
    <skipped />
  </testcase>
  <testcase classname='behavior.adding_a_reference' name='user can not add a reference with inadequate information' time='0.011'>
    <skipped />
  </testcase>
  <testcase classname='behavior.adding_a_reference' name='user can not add a reference with invalid information' time='0.009'>
    <skipped />
  </testcase>
</testsuite>