<testsuite tests='3' results='0' failures='0' disabled='3' errors='0' time='0.193' name='behavior.viewing_a_reference'>
  <testcase classname='behavior.viewing_a_reference' name='user can view a reference entry they have just added' time='0.011'>
    <skipped />
  </testcase>
  <testcase classname='behavior.viewing_a_reference' name='user can not view any references when there are none' time='0.01'>
    <skipped />
  </testcase>
  <testcase classname='behavior.viewing_a_reference' name='user will see all the fields of their entry' time='0.009'>
    <skipped />
  </testcase>
</testsuite>