<testsuite tests='2' results='0' failures='0' disabled='2' errors='0' time='0.201' name='behavior.listing_references'>
  <testcase classname='behavior.listing_references' name='user can view a list of references' time='0.009'>
    <skipped />
  </testcase>
  <testcase classname='behavior.listing_references' name='the references are displayed correctly' time='0.017'>
    <skipped />
  </testcase>
</testsuite>